2023-02-07 18:42:08 [scrapy.utils.log] INFO: Scrapy 2.7.1 started (bot: football_vis)
2023-02-07 18:42:08 [scrapy.utils.log] INFO: Versions: lxml 4.9.2.0, libxml2 2.9.4, cssselect 1.2.0, parsel 1.7.0, w3lib 2.1.1, Twisted 22.10.0, Python 3.10.7 (v3.10.7:6cc6b13308, Sep  5 2022, 14:02:52) [Clang 13.0.0 (clang-1300.0.29.30)], pyOpenSSL 22.1.0 (OpenSSL 3.0.7 1 Nov 2022), cryptography 38.0.4, Platform macOS-12.4-arm64-arm-64bit
2023-02-07 18:42:08 [scrapy.crawler] INFO: Overridden settings:
{'BOT_NAME': 'football_vis',
 'HTTPCACHE_ENABLED': True,
 'LOG_FILE': 'errors.log',
 'LOG_LEVEL': 'INFO',
 'NEWSPIDER_MODULE': 'football_vis.spiders',
 'REQUEST_FINGERPRINTER_IMPLEMENTATION': '2.7',
 'SPIDER_MODULES': ['football_vis.spiders'],
 'TWISTED_REACTOR': 'twisted.internet.asyncioreactor.AsyncioSelectorReactor',
 'USER_AGENT': 'football_vis (+http://www.yourdomain.com)'}
2023-02-07 18:42:08 [scrapy.extensions.telnet] INFO: Telnet Password: ed8efe3cff51f9b4
2023-02-07 18:42:08 [scrapy.middleware] INFO: Enabled extensions:
['scrapy.extensions.corestats.CoreStats',
 'scrapy.extensions.telnet.TelnetConsole',
 'scrapy.extensions.memusage.MemoryUsage',
 'scrapy.extensions.feedexport.FeedExporter',
 'scrapy.extensions.logstats.LogStats']
2023-02-07 18:42:08 [scrapy.middleware] INFO: Enabled downloader middlewares:
['scrapy.downloadermiddlewares.httpauth.HttpAuthMiddleware',
 'scrapy.downloadermiddlewares.downloadtimeout.DownloadTimeoutMiddleware',
 'scrapy.downloadermiddlewares.defaultheaders.DefaultHeadersMiddleware',
 'scrapy.downloadermiddlewares.useragent.UserAgentMiddleware',
 'scrapy.downloadermiddlewares.retry.RetryMiddleware',
 'scrapy.downloadermiddlewares.redirect.MetaRefreshMiddleware',
 'scrapy.downloadermiddlewares.httpcompression.HttpCompressionMiddleware',
 'scrapy.downloadermiddlewares.redirect.RedirectMiddleware',
 'scrapy.downloadermiddlewares.cookies.CookiesMiddleware',
 'scrapy.downloadermiddlewares.httpproxy.HttpProxyMiddleware',
 'scrapy.downloadermiddlewares.stats.DownloaderStats',
 'scrapy.downloadermiddlewares.httpcache.HttpCacheMiddleware']
2023-02-07 18:42:08 [scrapy.middleware] INFO: Enabled spider middlewares:
['scrapy.spidermiddlewares.httperror.HttpErrorMiddleware',
 'scrapy.spidermiddlewares.offsite.OffsiteMiddleware',
 'scrapy.spidermiddlewares.referer.RefererMiddleware',
 'scrapy.spidermiddlewares.urllength.UrlLengthMiddleware',
 'scrapy.spidermiddlewares.depth.DepthMiddleware']
2023-02-07 18:42:09 [scrapy.middleware] INFO: Enabled item pipelines:
['football_vis.pipelines.PlayerImagePipeline']
2023-02-07 18:42:09 [scrapy.core.engine] INFO: Spider opened
2023-02-07 18:42:09 [scrapy.extensions.logstats] INFO: Crawled 0 pages (at 0 pages/min), scraped 0 items (at 0 items/min)
2023-02-07 18:42:09 [scrapy.extensions.telnet] INFO: Telnet console listening on 127.0.0.1:6023
2023-02-07 18:43:09 [scrapy.extensions.logstats] INFO: Crawled 350 pages (at 350 pages/min), scraped 277 items (at 277 items/min)
2023-02-07 18:44:09 [scrapy.extensions.logstats] INFO: Crawled 683 pages (at 333 pages/min), scraped 528 items (at 251 items/min)
2023-02-07 18:45:09 [scrapy.extensions.logstats] INFO: Crawled 899 pages (at 216 pages/min), scraped 695 items (at 167 items/min)
2023-02-07 18:46:09 [scrapy.extensions.logstats] INFO: Crawled 1058 pages (at 159 pages/min), scraped 819 items (at 124 items/min)
2023-02-07 18:47:09 [scrapy.extensions.logstats] INFO: Crawled 1165 pages (at 107 pages/min), scraped 903 items (at 84 items/min)
2023-02-07 18:48:09 [scrapy.extensions.logstats] INFO: Crawled 1319 pages (at 154 pages/min), scraped 1026 items (at 123 items/min)
2023-02-07 18:49:09 [scrapy.extensions.logstats] INFO: Crawled 1484 pages (at 165 pages/min), scraped 1156 items (at 130 items/min)
2023-02-07 18:50:09 [scrapy.extensions.logstats] INFO: Crawled 1641 pages (at 157 pages/min), scraped 1277 items (at 121 items/min)
2023-02-07 18:51:09 [scrapy.extensions.logstats] INFO: Crawled 1748 pages (at 107 pages/min), scraped 1358 items (at 81 items/min)
2023-02-07 18:52:09 [scrapy.extensions.logstats] INFO: Crawled 1864 pages (at 116 pages/min), scraped 1449 items (at 91 items/min)
2023-02-07 18:53:09 [scrapy.extensions.logstats] INFO: Crawled 2051 pages (at 187 pages/min), scraped 1598 items (at 149 items/min)
2023-02-07 18:54:09 [scrapy.extensions.logstats] INFO: Crawled 2254 pages (at 203 pages/min), scraped 1760 items (at 162 items/min)
2023-02-07 18:55:09 [scrapy.extensions.logstats] INFO: Crawled 2402 pages (at 148 pages/min), scraped 1875 items (at 115 items/min)
2023-02-07 18:56:09 [scrapy.extensions.logstats] INFO: Crawled 2545 pages (at 143 pages/min), scraped 1986 items (at 111 items/min)
2023-02-07 18:57:09 [scrapy.extensions.logstats] INFO: Crawled 2760 pages (at 215 pages/min), scraped 2147 items (at 161 items/min)
2023-02-07 18:58:09 [scrapy.extensions.logstats] INFO: Crawled 3013 pages (at 253 pages/min), scraped 2339 items (at 192 items/min)
2023-02-07 18:59:09 [scrapy.extensions.logstats] INFO: Crawled 3315 pages (at 302 pages/min), scraped 2567 items (at 228 items/min)
2023-02-07 19:00:09 [scrapy.extensions.logstats] INFO: Crawled 3597 pages (at 282 pages/min), scraped 2789 items (at 222 items/min)
2023-02-07 19:01:09 [scrapy.extensions.logstats] INFO: Crawled 3793 pages (at 196 pages/min), scraped 2945 items (at 156 items/min)
2023-02-07 19:02:09 [scrapy.extensions.logstats] INFO: Crawled 3976 pages (at 183 pages/min), scraped 3091 items (at 146 items/min)
2023-02-07 19:03:09 [scrapy.extensions.logstats] INFO: Crawled 4159 pages (at 183 pages/min), scraped 3236 items (at 145 items/min)
2023-02-07 19:04:09 [scrapy.extensions.logstats] INFO: Crawled 4340 pages (at 181 pages/min), scraped 3380 items (at 144 items/min)
2023-02-07 19:05:09 [scrapy.extensions.logstats] INFO: Crawled 4484 pages (at 144 pages/min), scraped 3500 items (at 120 items/min)
2023-02-07 19:06:09 [scrapy.extensions.logstats] INFO: Crawled 4634 pages (at 150 pages/min), scraped 3617 items (at 117 items/min)
2023-02-07 19:07:09 [scrapy.extensions.logstats] INFO: Crawled 4755 pages (at 121 pages/min), scraped 3711 items (at 94 items/min)
2023-02-07 19:08:09 [scrapy.extensions.logstats] INFO: Crawled 4910 pages (at 155 pages/min), scraped 3832 items (at 121 items/min)
2023-02-07 19:09:09 [scrapy.extensions.logstats] INFO: Crawled 5049 pages (at 139 pages/min), scraped 3941 items (at 109 items/min)
2023-02-07 19:10:09 [scrapy.extensions.logstats] INFO: Crawled 5198 pages (at 149 pages/min), scraped 4049 items (at 108 items/min)
2023-02-07 19:11:09 [scrapy.extensions.logstats] INFO: Crawled 5313 pages (at 115 pages/min), scraped 4146 items (at 97 items/min)
2023-02-07 19:12:09 [scrapy.extensions.logstats] INFO: Crawled 5460 pages (at 147 pages/min), scraped 4258 items (at 112 items/min)
2023-02-07 19:13:09 [scrapy.extensions.logstats] INFO: Crawled 5619 pages (at 159 pages/min), scraped 4376 items (at 118 items/min)
2023-02-07 19:14:09 [scrapy.extensions.logstats] INFO: Crawled 5754 pages (at 135 pages/min), scraped 4476 items (at 100 items/min)
2023-02-07 19:15:09 [scrapy.extensions.logstats] INFO: Crawled 5898 pages (at 144 pages/min), scraped 4587 items (at 111 items/min)
2023-02-07 19:16:09 [scrapy.extensions.logstats] INFO: Crawled 6033 pages (at 135 pages/min), scraped 4688 items (at 101 items/min)
2023-02-07 19:17:09 [scrapy.extensions.logstats] INFO: Crawled 6205 pages (at 172 pages/min), scraped 4822 items (at 134 items/min)
2023-02-07 19:18:09 [scrapy.extensions.logstats] INFO: Crawled 6411 pages (at 206 pages/min), scraped 4982 items (at 160 items/min)
2023-02-07 19:19:09 [scrapy.extensions.logstats] INFO: Crawled 6670 pages (at 259 pages/min), scraped 5177 items (at 195 items/min)
2023-02-07 19:20:09 [scrapy.extensions.logstats] INFO: Crawled 6830 pages (at 160 pages/min), scraped 5304 items (at 127 items/min)
2023-02-07 19:21:09 [scrapy.extensions.logstats] INFO: Crawled 7013 pages (at 183 pages/min), scraped 5445 items (at 141 items/min)
2023-02-07 19:22:09 [scrapy.extensions.logstats] INFO: Crawled 7182 pages (at 169 pages/min), scraped 5576 items (at 131 items/min)
2023-02-07 19:23:09 [scrapy.extensions.logstats] INFO: Crawled 7377 pages (at 195 pages/min), scraped 5731 items (at 155 items/min)
2023-02-07 19:24:09 [scrapy.extensions.logstats] INFO: Crawled 7579 pages (at 202 pages/min), scraped 5885 items (at 154 items/min)
2023-02-07 19:25:09 [scrapy.extensions.logstats] INFO: Crawled 7768 pages (at 189 pages/min), scraped 6034 items (at 149 items/min)
2023-02-07 19:26:09 [scrapy.extensions.logstats] INFO: Crawled 7926 pages (at 158 pages/min), scraped 6155 items (at 121 items/min)
2023-02-07 19:27:09 [scrapy.extensions.logstats] INFO: Crawled 8047 pages (at 121 pages/min), scraped 6253 items (at 98 items/min)
2023-02-07 19:28:09 [scrapy.extensions.logstats] INFO: Crawled 8178 pages (at 131 pages/min), scraped 6356 items (at 103 items/min)
2023-02-07 19:29:09 [scrapy.extensions.logstats] INFO: Crawled 8308 pages (at 130 pages/min), scraped 6454 items (at 98 items/min)
2023-02-07 19:30:09 [scrapy.extensions.logstats] INFO: Crawled 8443 pages (at 135 pages/min), scraped 6559 items (at 105 items/min)
2023-02-07 19:31:09 [scrapy.extensions.logstats] INFO: Crawled 8572 pages (at 129 pages/min), scraped 6661 items (at 102 items/min)
2023-02-07 19:32:09 [scrapy.extensions.logstats] INFO: Crawled 8701 pages (at 129 pages/min), scraped 6764 items (at 103 items/min)
2023-02-07 19:33:09 [scrapy.extensions.logstats] INFO: Crawled 8843 pages (at 142 pages/min), scraped 6876 items (at 112 items/min)
2023-02-07 19:34:09 [scrapy.extensions.logstats] INFO: Crawled 9003 pages (at 160 pages/min), scraped 6996 items (at 120 items/min)
2023-02-07 19:35:09 [scrapy.extensions.logstats] INFO: Crawled 9211 pages (at 208 pages/min), scraped 7158 items (at 162 items/min)
2023-02-07 19:36:09 [scrapy.extensions.logstats] INFO: Crawled 9421 pages (at 210 pages/min), scraped 7317 items (at 159 items/min)
2023-02-07 19:37:09 [scrapy.extensions.logstats] INFO: Crawled 9576 pages (at 155 pages/min), scraped 7434 items (at 117 items/min)
2023-02-07 19:38:09 [scrapy.extensions.logstats] INFO: Crawled 9705 pages (at 129 pages/min), scraped 7534 items (at 100 items/min)
2023-02-07 19:39:09 [scrapy.extensions.logstats] INFO: Crawled 9839 pages (at 134 pages/min), scraped 7641 items (at 107 items/min)
2023-02-07 19:40:09 [scrapy.extensions.logstats] INFO: Crawled 9973 pages (at 134 pages/min), scraped 7738 items (at 97 items/min)
2023-02-07 19:41:09 [scrapy.extensions.logstats] INFO: Crawled 10098 pages (at 125 pages/min), scraped 7832 items (at 94 items/min)
2023-02-07 19:42:09 [scrapy.extensions.logstats] INFO: Crawled 10231 pages (at 133 pages/min), scraped 7933 items (at 101 items/min)
2023-02-07 19:43:09 [scrapy.extensions.logstats] INFO: Crawled 10360 pages (at 129 pages/min), scraped 8034 items (at 101 items/min)
2023-02-07 19:44:09 [scrapy.extensions.logstats] INFO: Crawled 10510 pages (at 150 pages/min), scraped 8152 items (at 118 items/min)
2023-02-07 19:45:09 [scrapy.extensions.logstats] INFO: Crawled 10676 pages (at 166 pages/min), scraped 8279 items (at 127 items/min)
2023-02-07 19:46:09 [scrapy.extensions.logstats] INFO: Crawled 10812 pages (at 136 pages/min), scraped 8385 items (at 106 items/min)
2023-02-07 19:47:09 [scrapy.extensions.logstats] INFO: Crawled 10931 pages (at 119 pages/min), scraped 8476 items (at 91 items/min)
2023-02-07 19:48:09 [scrapy.extensions.logstats] INFO: Crawled 11144 pages (at 213 pages/min), scraped 8640 items (at 164 items/min)
2023-02-07 19:48:17 [scrapy.pipelines.files] WARNING: File (code: 404): Error downloading file from <GET https://img.a.transfermarkt.technology/portrait/header/381294-1455867448.png?lm=1> referred in <None>
2023-02-07 19:48:18 [scrapy.utils.signal] ERROR: Error caught on signal handler: <bound method FeedExporter.item_scraped of <scrapy.extensions.feedexport.FeedExporter object at 0x1577bf2e0>>
Traceback (most recent call last):
  File "/Library/Frameworks/Python.framework/Versions/3.10/lib/python3.10/site-packages/scrapy/utils/defer.py", line 292, in maybeDeferred_coro
    result = f(*args, **kw)
  File "/Library/Frameworks/Python.framework/Versions/3.10/lib/python3.10/site-packages/pydispatch/robustapply.py", line 55, in robustApply
    return receiver(*arguments, **named)
  File "/Library/Frameworks/Python.framework/Versions/3.10/lib/python3.10/site-packages/scrapy/extensions/feedexport.py", line 429, in item_scraped
    slot.exporter.export_item(item)
  File "/Library/Frameworks/Python.framework/Versions/3.10/lib/python3.10/site-packages/scrapy/exporters.py", line 147, in export_item
    data = self.encoder.encode(itemdict)
  File "/Library/Frameworks/Python.framework/Versions/3.10/lib/python3.10/json/encoder.py", line 199, in encode
    chunks = self.iterencode(o, _one_shot=True)
  File "/Library/Frameworks/Python.framework/Versions/3.10/lib/python3.10/json/encoder.py", line 257, in iterencode
    return _iterencode(o, 0)
  File "/Library/Frameworks/Python.framework/Versions/3.10/lib/python3.10/site-packages/scrapy/utils/serialize.py", line 36, in default
    return super().default(o)
  File "/Library/Frameworks/Python.framework/Versions/3.10/lib/python3.10/json/encoder.py", line 179, in default
    raise TypeError(f'Object of type {o.__class__.__name__} '
TypeError: Object of type Selector is not JSON serializable
2023-02-07 19:49:09 [scrapy.extensions.logstats] INFO: Crawled 11307 pages (at 163 pages/min), scraped 8761 items (at 121 items/min)
2023-02-07 19:50:09 [scrapy.extensions.logstats] INFO: Crawled 11427 pages (at 120 pages/min), scraped 8855 items (at 94 items/min)
2023-02-07 19:51:09 [scrapy.extensions.logstats] INFO: Crawled 11548 pages (at 121 pages/min), scraped 8951 items (at 96 items/min)
2023-02-07 19:52:09 [scrapy.extensions.logstats] INFO: Crawled 11647 pages (at 99 pages/min), scraped 9025 items (at 74 items/min)
2023-02-07 19:53:09 [scrapy.extensions.logstats] INFO: Crawled 11763 pages (at 116 pages/min), scraped 9109 items (at 84 items/min)
2023-02-07 19:54:09 [scrapy.extensions.logstats] INFO: Crawled 11873 pages (at 110 pages/min), scraped 9195 items (at 86 items/min)
2023-02-07 19:55:09 [scrapy.extensions.logstats] INFO: Crawled 11974 pages (at 101 pages/min), scraped 9270 items (at 75 items/min)
2023-02-07 19:56:09 [scrapy.extensions.logstats] INFO: Crawled 12096 pages (at 122 pages/min), scraped 9365 items (at 95 items/min)
2023-02-07 19:57:09 [scrapy.extensions.logstats] INFO: Crawled 12219 pages (at 123 pages/min), scraped 9456 items (at 91 items/min)
2023-02-07 19:58:09 [scrapy.extensions.logstats] INFO: Crawled 12338 pages (at 119 pages/min), scraped 9551 items (at 95 items/min)
2023-02-07 19:59:09 [scrapy.extensions.logstats] INFO: Crawled 12477 pages (at 139 pages/min), scraped 9658 items (at 107 items/min)
2023-02-07 20:00:09 [scrapy.extensions.logstats] INFO: Crawled 12663 pages (at 186 pages/min), scraped 9807 items (at 149 items/min)
2023-02-07 20:01:09 [scrapy.extensions.logstats] INFO: Crawled 12829 pages (at 166 pages/min), scraped 9935 items (at 128 items/min)
2023-02-07 20:02:09 [scrapy.extensions.logstats] INFO: Crawled 12983 pages (at 154 pages/min), scraped 10056 items (at 121 items/min)
2023-02-07 20:03:09 [scrapy.extensions.logstats] INFO: Crawled 13108 pages (at 125 pages/min), scraped 10161 items (at 105 items/min)
2023-02-07 20:04:09 [scrapy.extensions.logstats] INFO: Crawled 13215 pages (at 107 pages/min), scraped 10245 items (at 84 items/min)
2023-02-07 20:05:09 [scrapy.extensions.logstats] INFO: Crawled 13337 pages (at 122 pages/min), scraped 10338 items (at 93 items/min)
2023-02-07 20:06:09 [scrapy.extensions.logstats] INFO: Crawled 13450 pages (at 113 pages/min), scraped 10422 items (at 84 items/min)
2023-02-07 20:07:09 [scrapy.extensions.logstats] INFO: Crawled 13548 pages (at 98 pages/min), scraped 10499 items (at 77 items/min)
2023-02-07 20:08:09 [scrapy.extensions.logstats] INFO: Crawled 13671 pages (at 123 pages/min), scraped 10599 items (at 100 items/min)
2023-02-07 20:09:09 [scrapy.extensions.logstats] INFO: Crawled 13783 pages (at 112 pages/min), scraped 10686 items (at 87 items/min)
2023-02-07 20:10:09 [scrapy.extensions.logstats] INFO: Crawled 13906 pages (at 123 pages/min), scraped 10782 items (at 96 items/min)
2023-02-07 20:11:09 [scrapy.extensions.logstats] INFO: Crawled 14047 pages (at 141 pages/min), scraped 10890 items (at 108 items/min)
2023-02-07 20:12:09 [scrapy.extensions.logstats] INFO: Crawled 14144 pages (at 97 pages/min), scraped 10971 items (at 81 items/min)
2023-02-07 20:13:09 [scrapy.extensions.logstats] INFO: Crawled 14287 pages (at 143 pages/min), scraped 11080 items (at 109 items/min)
2023-02-07 20:14:09 [scrapy.extensions.logstats] INFO: Crawled 14422 pages (at 135 pages/min), scraped 11184 items (at 104 items/min)
2023-02-07 20:15:09 [scrapy.extensions.logstats] INFO: Crawled 14552 pages (at 130 pages/min), scraped 11286 items (at 102 items/min)
2023-02-07 20:16:09 [scrapy.extensions.logstats] INFO: Crawled 14703 pages (at 151 pages/min), scraped 11401 items (at 115 items/min)
2023-02-07 20:17:09 [scrapy.extensions.logstats] INFO: Crawled 14883 pages (at 180 pages/min), scraped 11541 items (at 140 items/min)
2023-02-07 20:18:09 [scrapy.extensions.logstats] INFO: Crawled 15129 pages (at 246 pages/min), scraped 11722 items (at 181 items/min)
2023-02-07 20:19:09 [scrapy.extensions.logstats] INFO: Crawled 15350 pages (at 221 pages/min), scraped 11903 items (at 181 items/min)
2023-02-07 20:20:09 [scrapy.extensions.logstats] INFO: Crawled 15594 pages (at 244 pages/min), scraped 12087 items (at 184 items/min)
2023-02-07 20:21:09 [scrapy.extensions.logstats] INFO: Crawled 15802 pages (at 208 pages/min), scraped 12240 items (at 153 items/min)
2023-02-07 20:22:09 [scrapy.extensions.logstats] INFO: Crawled 16028 pages (at 226 pages/min), scraped 12412 items (at 172 items/min)
2023-02-07 20:23:09 [scrapy.extensions.logstats] INFO: Crawled 16181 pages (at 153 pages/min), scraped 12532 items (at 120 items/min)
2023-02-07 20:24:09 [scrapy.extensions.logstats] INFO: Crawled 16307 pages (at 126 pages/min), scraped 12629 items (at 97 items/min)
2023-02-07 20:25:09 [scrapy.extensions.logstats] INFO: Crawled 16459 pages (at 152 pages/min), scraped 12739 items (at 110 items/min)
2023-02-07 20:26:09 [scrapy.extensions.logstats] INFO: Crawled 16596 pages (at 137 pages/min), scraped 12845 items (at 106 items/min)
2023-02-07 20:27:09 [scrapy.extensions.logstats] INFO: Crawled 16789 pages (at 193 pages/min), scraped 12993 items (at 148 items/min)
2023-02-07 20:28:09 [scrapy.extensions.logstats] INFO: Crawled 16954 pages (at 165 pages/min), scraped 13115 items (at 122 items/min)
2023-02-07 20:29:09 [scrapy.extensions.logstats] INFO: Crawled 17135 pages (at 181 pages/min), scraped 13253 items (at 138 items/min)
2023-02-07 20:30:09 [scrapy.extensions.logstats] INFO: Crawled 17360 pages (at 225 pages/min), scraped 13421 items (at 168 items/min)
2023-02-07 20:31:09 [scrapy.extensions.logstats] INFO: Crawled 17568 pages (at 208 pages/min), scraped 13589 items (at 168 items/min)
2023-02-07 20:32:09 [scrapy.extensions.logstats] INFO: Crawled 17805 pages (at 237 pages/min), scraped 13770 items (at 181 items/min)
2023-02-07 20:33:09 [scrapy.extensions.logstats] INFO: Crawled 18010 pages (at 205 pages/min), scraped 13937 items (at 167 items/min)
2023-02-07 20:34:09 [scrapy.extensions.logstats] INFO: Crawled 18179 pages (at 169 pages/min), scraped 14065 items (at 128 items/min)
2023-02-07 20:35:09 [scrapy.extensions.logstats] INFO: Crawled 18338 pages (at 159 pages/min), scraped 14188 items (at 123 items/min)
2023-02-07 20:36:09 [scrapy.extensions.logstats] INFO: Crawled 18579 pages (at 241 pages/min), scraped 14376 items (at 188 items/min)
2023-02-07 20:37:09 [scrapy.extensions.logstats] INFO: Crawled 18777 pages (at 198 pages/min), scraped 14530 items (at 154 items/min)
2023-02-07 20:38:09 [scrapy.extensions.logstats] INFO: Crawled 18925 pages (at 148 pages/min), scraped 14652 items (at 122 items/min)
2023-02-07 20:39:09 [scrapy.extensions.logstats] INFO: Crawled 19109 pages (at 184 pages/min), scraped 14788 items (at 136 items/min)
2023-02-07 20:40:09 [scrapy.extensions.logstats] INFO: Crawled 19293 pages (at 184 pages/min), scraped 14924 items (at 136 items/min)
2023-02-07 20:41:09 [scrapy.extensions.logstats] INFO: Crawled 19474 pages (at 181 pages/min), scraped 15057 items (at 133 items/min)
2023-02-07 20:42:09 [scrapy.extensions.logstats] INFO: Crawled 19670 pages (at 196 pages/min), scraped 15205 items (at 148 items/min)
2023-02-07 20:43:09 [scrapy.extensions.logstats] INFO: Crawled 19878 pages (at 208 pages/min), scraped 15361 items (at 156 items/min)
2023-02-07 20:44:09 [scrapy.extensions.logstats] INFO: Crawled 20109 pages (at 231 pages/min), scraped 15528 items (at 167 items/min)
2023-02-07 20:45:09 [scrapy.extensions.logstats] INFO: Crawled 20351 pages (at 242 pages/min), scraped 15713 items (at 185 items/min)
2023-02-07 20:46:09 [scrapy.extensions.logstats] INFO: Crawled 20574 pages (at 223 pages/min), scraped 15879 items (at 166 items/min)
2023-02-07 20:47:09 [scrapy.extensions.logstats] INFO: Crawled 20765 pages (at 191 pages/min), scraped 16023 items (at 144 items/min)
2023-02-07 20:48:09 [scrapy.extensions.logstats] INFO: Crawled 20934 pages (at 169 pages/min), scraped 16159 items (at 136 items/min)
2023-02-07 20:49:09 [scrapy.extensions.logstats] INFO: Crawled 21130 pages (at 196 pages/min), scraped 16315 items (at 156 items/min)
2023-02-07 20:50:09 [scrapy.extensions.logstats] INFO: Crawled 21360 pages (at 230 pages/min), scraped 16492 items (at 177 items/min)
2023-02-07 20:51:09 [scrapy.extensions.logstats] INFO: Crawled 21528 pages (at 168 pages/min), scraped 16619 items (at 127 items/min)
2023-02-07 20:52:09 [scrapy.extensions.logstats] INFO: Crawled 21677 pages (at 149 pages/min), scraped 16728 items (at 109 items/min)
2023-02-07 20:52:29 [scrapy.core.scraper] ERROR: Spider error processing <GET https://www.transfermarkt.com/kles-galli/profil/spieler/331831> (referer: None)
Traceback (most recent call last):
  File "/Library/Frameworks/Python.framework/Versions/3.10/lib/python3.10/site-packages/scrapy/utils/defer.py", line 240, in iter_errback
    yield next(it)
  File "/Library/Frameworks/Python.framework/Versions/3.10/lib/python3.10/site-packages/scrapy/utils/python.py", line 338, in __next__
    return next(self.data)
  File "/Library/Frameworks/Python.framework/Versions/3.10/lib/python3.10/site-packages/scrapy/utils/python.py", line 338, in __next__
    return next(self.data)
  File "/Library/Frameworks/Python.framework/Versions/3.10/lib/python3.10/site-packages/scrapy/core/spidermw.py", line 79, in process_sync
    for r in iterable:
  File "/Library/Frameworks/Python.framework/Versions/3.10/lib/python3.10/site-packages/scrapy/spidermiddlewares/offsite.py", line 29, in <genexpr>
    return (r for r in result or () if self._filter(r, spider))
  File "/Library/Frameworks/Python.framework/Versions/3.10/lib/python3.10/site-packages/scrapy/core/spidermw.py", line 79, in process_sync
    for r in iterable:
  File "/Library/Frameworks/Python.framework/Versions/3.10/lib/python3.10/site-packages/scrapy/spidermiddlewares/referer.py", line 336, in <genexpr>
    return (self._set_referer(r, response) for r in result or ())
  File "/Library/Frameworks/Python.framework/Versions/3.10/lib/python3.10/site-packages/scrapy/core/spidermw.py", line 79, in process_sync
    for r in iterable:
  File "/Library/Frameworks/Python.framework/Versions/3.10/lib/python3.10/site-packages/scrapy/spidermiddlewares/urllength.py", line 28, in <genexpr>
    return (r for r in result or () if self._filter(r, spider))
  File "/Library/Frameworks/Python.framework/Versions/3.10/lib/python3.10/site-packages/scrapy/core/spidermw.py", line 79, in process_sync
    for r in iterable:
  File "/Library/Frameworks/Python.framework/Versions/3.10/lib/python3.10/site-packages/scrapy/spidermiddlewares/depth.py", line 32, in <genexpr>
    return (r for r in result or () if self._filter(r, response, spider))
  File "/Library/Frameworks/Python.framework/Versions/3.10/lib/python3.10/site-packages/scrapy/core/spidermw.py", line 79, in process_sync
    for r in iterable:
  File "/Users/zoeferencova/Documents/Coding/Data/Football Vis/Scraping/football_vis_data/football_vis/spiders/player_detail_spider.py", line 100, in parse
    basic_position = position_map[position.lower()]
KeyError: ''
2023-02-07 20:53:09 [scrapy.extensions.logstats] INFO: Crawled 21807 pages (at 130 pages/min), scraped 16830 items (at 102 items/min)
2023-02-07 20:54:09 [scrapy.extensions.logstats] INFO: Crawled 21949 pages (at 142 pages/min), scraped 16942 items (at 112 items/min)
2023-02-07 20:55:09 [scrapy.extensions.logstats] INFO: Crawled 22104 pages (at 155 pages/min), scraped 17065 items (at 123 items/min)
2023-02-07 20:56:09 [scrapy.extensions.logstats] INFO: Crawled 22271 pages (at 167 pages/min), scraped 17194 items (at 129 items/min)
2023-02-07 20:57:09 [scrapy.extensions.logstats] INFO: Crawled 22431 pages (at 160 pages/min), scraped 17321 items (at 127 items/min)
2023-02-07 20:58:09 [scrapy.extensions.logstats] INFO: Crawled 22590 pages (at 159 pages/min), scraped 17451 items (at 130 items/min)
2023-02-07 20:59:09 [scrapy.extensions.logstats] INFO: Crawled 22809 pages (at 219 pages/min), scraped 17625 items (at 174 items/min)
2023-02-07 21:00:09 [scrapy.extensions.logstats] INFO: Crawled 23042 pages (at 233 pages/min), scraped 17801 items (at 176 items/min)
2023-02-07 21:01:09 [scrapy.extensions.logstats] INFO: Crawled 23310 pages (at 268 pages/min), scraped 18009 items (at 208 items/min)
2023-02-07 21:02:09 [scrapy.extensions.logstats] INFO: Crawled 23593 pages (at 283 pages/min), scraped 18223 items (at 214 items/min)
2023-02-07 21:03:09 [scrapy.extensions.logstats] INFO: Crawled 23837 pages (at 244 pages/min), scraped 18416 items (at 193 items/min)
2023-02-07 21:04:09 [scrapy.extensions.logstats] INFO: Crawled 23981 pages (at 144 pages/min), scraped 18529 items (at 113 items/min)
2023-02-07 21:05:09 [scrapy.extensions.logstats] INFO: Crawled 24162 pages (at 181 pages/min), scraped 18668 items (at 139 items/min)
2023-02-07 21:06:09 [scrapy.extensions.logstats] INFO: Crawled 24319 pages (at 157 pages/min), scraped 18786 items (at 118 items/min)
2023-02-07 21:07:09 [scrapy.extensions.logstats] INFO: Crawled 24452 pages (at 133 pages/min), scraped 18895 items (at 109 items/min)
2023-02-07 21:08:09 [scrapy.extensions.logstats] INFO: Crawled 24590 pages (at 138 pages/min), scraped 18998 items (at 103 items/min)
2023-02-07 21:09:09 [scrapy.extensions.logstats] INFO: Crawled 24736 pages (at 146 pages/min), scraped 19112 items (at 114 items/min)
2023-02-07 21:10:09 [scrapy.extensions.logstats] INFO: Crawled 24898 pages (at 162 pages/min), scraped 19234 items (at 122 items/min)
2023-02-07 21:11:09 [scrapy.extensions.logstats] INFO: Crawled 25068 pages (at 170 pages/min), scraped 19364 items (at 130 items/min)
2023-02-07 21:12:09 [scrapy.extensions.logstats] INFO: Crawled 25223 pages (at 155 pages/min), scraped 19484 items (at 120 items/min)
2023-02-07 21:13:09 [scrapy.extensions.logstats] INFO: Crawled 25366 pages (at 143 pages/min), scraped 19596 items (at 112 items/min)
2023-02-07 21:14:09 [scrapy.extensions.logstats] INFO: Crawled 25519 pages (at 153 pages/min), scraped 19720 items (at 124 items/min)
2023-02-07 21:15:09 [scrapy.extensions.logstats] INFO: Crawled 25728 pages (at 209 pages/min), scraped 19880 items (at 160 items/min)
2023-02-07 21:16:09 [scrapy.extensions.logstats] INFO: Crawled 25929 pages (at 201 pages/min), scraped 20039 items (at 159 items/min)
2023-02-07 21:17:09 [scrapy.extensions.logstats] INFO: Crawled 26213 pages (at 284 pages/min), scraped 20259 items (at 220 items/min)
2023-02-07 21:18:09 [scrapy.extensions.logstats] INFO: Crawled 26429 pages (at 216 pages/min), scraped 20421 items (at 162 items/min)
2023-02-07 21:19:09 [scrapy.extensions.logstats] INFO: Crawled 26656 pages (at 227 pages/min), scraped 20595 items (at 174 items/min)
2023-02-07 21:20:09 [scrapy.extensions.logstats] INFO: Crawled 26946 pages (at 290 pages/min), scraped 20819 items (at 224 items/min)
2023-02-07 21:21:09 [scrapy.extensions.logstats] INFO: Crawled 27167 pages (at 221 pages/min), scraped 20995 items (at 176 items/min)
2023-02-07 21:22:09 [scrapy.extensions.logstats] INFO: Crawled 27360 pages (at 193 pages/min), scraped 21150 items (at 155 items/min)
2023-02-07 21:23:09 [scrapy.extensions.logstats] INFO: Crawled 27587 pages (at 227 pages/min), scraped 21328 items (at 178 items/min)
2023-02-07 21:24:09 [scrapy.extensions.logstats] INFO: Crawled 27805 pages (at 218 pages/min), scraped 21492 items (at 164 items/min)
2023-02-07 21:25:09 [scrapy.extensions.logstats] INFO: Crawled 28024 pages (at 219 pages/min), scraped 21658 items (at 166 items/min)
2023-02-07 21:26:09 [scrapy.extensions.logstats] INFO: Crawled 28259 pages (at 235 pages/min), scraped 21838 items (at 180 items/min)
2023-02-07 21:27:09 [scrapy.extensions.logstats] INFO: Crawled 28495 pages (at 236 pages/min), scraped 22024 items (at 186 items/min)
2023-02-07 21:28:09 [scrapy.extensions.logstats] INFO: Crawled 28744 pages (at 249 pages/min), scraped 22222 items (at 198 items/min)
2023-02-07 21:29:09 [scrapy.extensions.logstats] INFO: Crawled 28962 pages (at 218 pages/min), scraped 22387 items (at 165 items/min)
2023-02-07 21:30:09 [scrapy.extensions.logstats] INFO: Crawled 29118 pages (at 156 pages/min), scraped 22505 items (at 118 items/min)
2023-02-07 21:31:09 [scrapy.extensions.logstats] INFO: Crawled 29285 pages (at 167 pages/min), scraped 22636 items (at 131 items/min)
2023-02-07 21:32:09 [scrapy.extensions.logstats] INFO: Crawled 29417 pages (at 132 pages/min), scraped 22740 items (at 104 items/min)
2023-02-07 21:33:09 [scrapy.extensions.logstats] INFO: Crawled 29559 pages (at 142 pages/min), scraped 22845 items (at 105 items/min)
2023-02-07 21:34:09 [scrapy.extensions.logstats] INFO: Crawled 29729 pages (at 170 pages/min), scraped 22975 items (at 130 items/min)
2023-02-07 21:35:09 [scrapy.extensions.logstats] INFO: Crawled 30009 pages (at 280 pages/min), scraped 23198 items (at 223 items/min)
2023-02-07 21:36:09 [scrapy.extensions.logstats] INFO: Crawled 30189 pages (at 180 pages/min), scraped 23333 items (at 135 items/min)
2023-02-07 21:37:09 [scrapy.extensions.logstats] INFO: Crawled 30390 pages (at 201 pages/min), scraped 23489 items (at 156 items/min)
2023-02-07 21:38:09 [scrapy.extensions.logstats] INFO: Crawled 30638 pages (at 248 pages/min), scraped 23676 items (at 187 items/min)
2023-02-07 21:39:09 [scrapy.extensions.logstats] INFO: Crawled 30853 pages (at 215 pages/min), scraped 23839 items (at 163 items/min)
2023-02-07 21:40:09 [scrapy.extensions.logstats] INFO: Crawled 31034 pages (at 181 pages/min), scraped 23975 items (at 136 items/min)
2023-02-07 21:41:09 [scrapy.extensions.logstats] INFO: Crawled 31196 pages (at 162 pages/min), scraped 24104 items (at 129 items/min)
2023-02-07 21:42:09 [scrapy.extensions.logstats] INFO: Crawled 31436 pages (at 240 pages/min), scraped 24289 items (at 185 items/min)
2023-02-07 21:43:09 [scrapy.extensions.logstats] INFO: Crawled 31728 pages (at 292 pages/min), scraped 24531 items (at 242 items/min)
2023-02-07 21:44:09 [scrapy.extensions.logstats] INFO: Crawled 32037 pages (at 309 pages/min), scraped 24762 items (at 231 items/min)
2023-02-07 21:45:09 [scrapy.extensions.logstats] INFO: Crawled 32239 pages (at 202 pages/min), scraped 24918 items (at 156 items/min)
2023-02-07 21:46:09 [scrapy.extensions.logstats] INFO: Crawled 32416 pages (at 177 pages/min), scraped 25062 items (at 144 items/min)
2023-02-07 21:47:09 [scrapy.extensions.logstats] INFO: Crawled 32574 pages (at 158 pages/min), scraped 25183 items (at 121 items/min)
2023-02-07 21:48:09 [scrapy.extensions.logstats] INFO: Crawled 32716 pages (at 142 pages/min), scraped 25298 items (at 115 items/min)
2023-02-07 21:49:09 [scrapy.extensions.logstats] INFO: Crawled 32846 pages (at 130 pages/min), scraped 25400 items (at 102 items/min)
2023-02-07 21:50:09 [scrapy.extensions.logstats] INFO: Crawled 33007 pages (at 161 pages/min), scraped 25527 items (at 127 items/min)
2023-02-07 21:51:09 [scrapy.extensions.logstats] INFO: Crawled 33130 pages (at 123 pages/min), scraped 25629 items (at 102 items/min)
2023-02-07 21:52:09 [scrapy.extensions.logstats] INFO: Crawled 33283 pages (at 153 pages/min), scraped 25746 items (at 117 items/min)
2023-02-07 21:53:09 [scrapy.extensions.logstats] INFO: Crawled 33412 pages (at 129 pages/min), scraped 25845 items (at 99 items/min)
2023-02-07 21:54:09 [scrapy.extensions.logstats] INFO: Crawled 33541 pages (at 129 pages/min), scraped 25942 items (at 97 items/min)
2023-02-07 21:55:09 [scrapy.extensions.logstats] INFO: Crawled 33677 pages (at 136 pages/min), scraped 26050 items (at 108 items/min)
2023-02-07 21:56:09 [scrapy.extensions.logstats] INFO: Crawled 33895 pages (at 218 pages/min), scraped 26217 items (at 167 items/min)
2023-02-07 21:57:09 [scrapy.extensions.logstats] INFO: Crawled 34086 pages (at 191 pages/min), scraped 26372 items (at 155 items/min)
2023-02-07 21:58:09 [scrapy.extensions.logstats] INFO: Crawled 34326 pages (at 240 pages/min), scraped 26561 items (at 189 items/min)
2023-02-07 21:59:09 [scrapy.extensions.logstats] INFO: Crawled 34602 pages (at 276 pages/min), scraped 26774 items (at 213 items/min)
2023-02-07 22:00:09 [scrapy.extensions.logstats] INFO: Crawled 34823 pages (at 221 pages/min), scraped 26944 items (at 170 items/min)
2023-02-07 22:01:09 [scrapy.extensions.logstats] INFO: Crawled 35052 pages (at 229 pages/min), scraped 27121 items (at 177 items/min)
2023-02-07 22:02:07 [scrapy.downloadermiddlewares.retry] ERROR: Gave up retrying <GET https://www.transfermarkt.com/moise-sahi-dion/profil/spieler/880330> (failed 3 times): 502 Bad Gateway
2023-02-07 22:02:07 [scrapy.spidermiddlewares.httperror] INFO: Ignoring response <502 https://www.transfermarkt.com/moise-sahi-dion/profil/spieler/880330>: HTTP status code is not handled or not allowed
2023-02-07 22:02:09 [scrapy.extensions.logstats] INFO: Crawled 35281 pages (at 229 pages/min), scraped 27297 items (at 176 items/min)
2023-02-07 22:02:26 [scrapy.downloadermiddlewares.retry] ERROR: Gave up retrying <GET https://www.transfermarkt.com/faty-papy/profil/spieler/81919> (failed 3 times): 502 Bad Gateway
2023-02-07 22:02:26 [scrapy.spidermiddlewares.httperror] INFO: Ignoring response <502 https://www.transfermarkt.com/faty-papy/profil/spieler/81919>: HTTP status code is not handled or not allowed
2023-02-07 22:03:09 [scrapy.extensions.logstats] INFO: Crawled 35571 pages (at 290 pages/min), scraped 27519 items (at 222 items/min)
2023-02-07 22:04:09 [scrapy.extensions.logstats] INFO: Crawled 35849 pages (at 278 pages/min), scraped 27736 items (at 217 items/min)
2023-02-07 22:05:09 [scrapy.extensions.logstats] INFO: Crawled 36150 pages (at 301 pages/min), scraped 27961 items (at 225 items/min)
2023-02-07 22:06:09 [scrapy.extensions.logstats] INFO: Crawled 36440 pages (at 290 pages/min), scraped 28185 items (at 224 items/min)
2023-02-07 22:07:09 [scrapy.extensions.logstats] INFO: Crawled 36668 pages (at 228 pages/min), scraped 28365 items (at 180 items/min)
2023-02-07 22:08:09 [scrapy.extensions.logstats] INFO: Crawled 36891 pages (at 223 pages/min), scraped 28538 items (at 173 items/min)
2023-02-07 22:09:09 [scrapy.extensions.logstats] INFO: Crawled 37091 pages (at 200 pages/min), scraped 28693 items (at 155 items/min)
2023-02-07 22:10:09 [scrapy.extensions.logstats] INFO: Crawled 37229 pages (at 138 pages/min), scraped 28803 items (at 110 items/min)
2023-02-07 22:11:09 [scrapy.extensions.logstats] INFO: Crawled 37433 pages (at 204 pages/min), scraped 28962 items (at 159 items/min)
2023-02-07 22:12:09 [scrapy.extensions.logstats] INFO: Crawled 37658 pages (at 225 pages/min), scraped 29131 items (at 169 items/min)
2023-02-07 22:13:09 [scrapy.extensions.logstats] INFO: Crawled 37829 pages (at 171 pages/min), scraped 29253 items (at 122 items/min)
2023-02-07 22:14:09 [scrapy.extensions.logstats] INFO: Crawled 37943 pages (at 114 pages/min), scraped 29345 items (at 92 items/min)
2023-02-07 22:15:09 [scrapy.extensions.logstats] INFO: Crawled 38116 pages (at 173 pages/min), scraped 29480 items (at 135 items/min)
2023-02-07 22:16:09 [scrapy.extensions.logstats] INFO: Crawled 38346 pages (at 230 pages/min), scraped 29664 items (at 184 items/min)
2023-02-07 22:17:09 [scrapy.extensions.logstats] INFO: Crawled 38621 pages (at 275 pages/min), scraped 29878 items (at 214 items/min)
2023-02-07 22:18:09 [scrapy.extensions.logstats] INFO: Crawled 38885 pages (at 264 pages/min), scraped 30089 items (at 211 items/min)
2023-02-07 22:19:09 [scrapy.extensions.logstats] INFO: Crawled 39130 pages (at 245 pages/min), scraped 30274 items (at 185 items/min)
2023-02-07 22:20:09 [scrapy.extensions.logstats] INFO: Crawled 39370 pages (at 240 pages/min), scraped 30461 items (at 187 items/min)
2023-02-07 22:21:09 [scrapy.extensions.logstats] INFO: Crawled 39585 pages (at 215 pages/min), scraped 30632 items (at 171 items/min)
2023-02-07 22:22:09 [scrapy.extensions.logstats] INFO: Crawled 39779 pages (at 194 pages/min), scraped 30775 items (at 143 items/min)
2023-02-07 22:23:09 [scrapy.extensions.logstats] INFO: Crawled 39922 pages (at 143 pages/min), scraped 30882 items (at 107 items/min)
2023-02-07 22:24:09 [scrapy.extensions.logstats] INFO: Crawled 40043 pages (at 121 pages/min), scraped 30977 items (at 95 items/min)
2023-02-07 22:25:09 [scrapy.extensions.logstats] INFO: Crawled 40178 pages (at 135 pages/min), scraped 31077 items (at 100 items/min)
2023-02-07 22:26:09 [scrapy.extensions.logstats] INFO: Crawled 40319 pages (at 141 pages/min), scraped 31190 items (at 113 items/min)
2023-02-07 22:27:09 [scrapy.extensions.logstats] INFO: Crawled 40536 pages (at 217 pages/min), scraped 31356 items (at 166 items/min)
2023-02-07 22:28:09 [scrapy.extensions.logstats] INFO: Crawled 40766 pages (at 230 pages/min), scraped 31535 items (at 179 items/min)
2023-02-07 22:29:09 [scrapy.extensions.logstats] INFO: Crawled 40959 pages (at 193 pages/min), scraped 31678 items (at 143 items/min)
2023-02-07 22:30:09 [scrapy.extensions.logstats] INFO: Crawled 41195 pages (at 236 pages/min), scraped 31866 items (at 188 items/min)
2023-02-07 22:31:09 [scrapy.extensions.logstats] INFO: Crawled 41381 pages (at 186 pages/min), scraped 32016 items (at 150 items/min)
2023-02-07 22:32:09 [scrapy.extensions.logstats] INFO: Crawled 41639 pages (at 258 pages/min), scraped 32223 items (at 207 items/min)
2023-02-07 22:33:09 [scrapy.extensions.logstats] INFO: Crawled 41932 pages (at 293 pages/min), scraped 32445 items (at 222 items/min)
2023-02-07 22:34:09 [scrapy.extensions.logstats] INFO: Crawled 42170 pages (at 238 pages/min), scraped 32633 items (at 188 items/min)
2023-02-07 22:35:09 [scrapy.extensions.logstats] INFO: Crawled 42401 pages (at 231 pages/min), scraped 32812 items (at 179 items/min)
2023-02-07 22:36:09 [scrapy.extensions.logstats] INFO: Crawled 42713 pages (at 312 pages/min), scraped 33049 items (at 237 items/min)
2023-02-07 22:37:09 [scrapy.extensions.logstats] INFO: Crawled 43014 pages (at 301 pages/min), scraped 33290 items (at 241 items/min)
2023-02-07 22:38:09 [scrapy.extensions.logstats] INFO: Crawled 43326 pages (at 312 pages/min), scraped 33530 items (at 240 items/min)
2023-02-07 22:39:09 [scrapy.extensions.logstats] INFO: Crawled 43549 pages (at 223 pages/min), scraped 33707 items (at 177 items/min)
2023-02-07 22:40:09 [scrapy.extensions.logstats] INFO: Crawled 43775 pages (at 226 pages/min), scraped 33875 items (at 168 items/min)
2023-02-07 22:41:09 [scrapy.extensions.logstats] INFO: Crawled 44004 pages (at 229 pages/min), scraped 34046 items (at 171 items/min)
2023-02-07 22:42:09 [scrapy.extensions.logstats] INFO: Crawled 44185 pages (at 181 pages/min), scraped 34190 items (at 144 items/min)
2023-02-07 22:42:34 [scrapy.pipelines.files] WARNING: File (code: 404): Error downloading file from <GET https://img.a.transfermarkt.technology/portrait/header/147089-1671120903.jpg?lm=1> referred in <None>
2023-02-07 22:42:34 [scrapy.utils.signal] ERROR: Error caught on signal handler: <bound method FeedExporter.item_scraped of <scrapy.extensions.feedexport.FeedExporter object at 0x1577bf2e0>>
Traceback (most recent call last):
  File "/Library/Frameworks/Python.framework/Versions/3.10/lib/python3.10/site-packages/scrapy/utils/defer.py", line 292, in maybeDeferred_coro
    result = f(*args, **kw)
  File "/Library/Frameworks/Python.framework/Versions/3.10/lib/python3.10/site-packages/pydispatch/robustapply.py", line 55, in robustApply
    return receiver(*arguments, **named)
  File "/Library/Frameworks/Python.framework/Versions/3.10/lib/python3.10/site-packages/scrapy/extensions/feedexport.py", line 429, in item_scraped
    slot.exporter.export_item(item)
  File "/Library/Frameworks/Python.framework/Versions/3.10/lib/python3.10/site-packages/scrapy/exporters.py", line 147, in export_item
    data = self.encoder.encode(itemdict)
  File "/Library/Frameworks/Python.framework/Versions/3.10/lib/python3.10/json/encoder.py", line 199, in encode
    chunks = self.iterencode(o, _one_shot=True)
  File "/Library/Frameworks/Python.framework/Versions/3.10/lib/python3.10/json/encoder.py", line 257, in iterencode
    return _iterencode(o, 0)
  File "/Library/Frameworks/Python.framework/Versions/3.10/lib/python3.10/site-packages/scrapy/utils/serialize.py", line 36, in default
    return super().default(o)
  File "/Library/Frameworks/Python.framework/Versions/3.10/lib/python3.10/json/encoder.py", line 179, in default
    raise TypeError(f'Object of type {o.__class__.__name__} '
TypeError: Object of type Selector is not JSON serializable
2023-02-07 22:43:09 [scrapy.extensions.logstats] INFO: Crawled 44448 pages (at 263 pages/min), scraped 34391 items (at 201 items/min)
2023-02-07 22:44:09 [scrapy.extensions.logstats] INFO: Crawled 44682 pages (at 234 pages/min), scraped 34569 items (at 178 items/min)
2023-02-07 22:45:09 [scrapy.extensions.logstats] INFO: Crawled 44869 pages (at 187 pages/min), scraped 34713 items (at 144 items/min)
2023-02-07 22:46:09 [scrapy.extensions.logstats] INFO: Crawled 45128 pages (at 259 pages/min), scraped 34925 items (at 212 items/min)
2023-02-07 22:47:09 [scrapy.extensions.logstats] INFO: Crawled 45387 pages (at 259 pages/min), scraped 35120 items (at 195 items/min)
2023-02-07 22:48:09 [scrapy.extensions.logstats] INFO: Crawled 45632 pages (at 245 pages/min), scraped 35308 items (at 188 items/min)
2023-02-07 22:49:09 [scrapy.extensions.logstats] INFO: Crawled 45830 pages (at 198 pages/min), scraped 35473 items (at 165 items/min)
2023-02-07 22:50:09 [scrapy.extensions.logstats] INFO: Crawled 45997 pages (at 167 pages/min), scraped 35593 items (at 120 items/min)
2023-02-07 22:51:09 [scrapy.extensions.logstats] INFO: Crawled 46143 pages (at 146 pages/min), scraped 35703 items (at 110 items/min)
2023-02-07 22:52:09 [scrapy.extensions.logstats] INFO: Crawled 46292 pages (at 149 pages/min), scraped 35821 items (at 118 items/min)
2023-02-07 22:53:09 [scrapy.extensions.logstats] INFO: Crawled 46472 pages (at 180 pages/min), scraped 35958 items (at 137 items/min)
2023-02-07 22:54:09 [scrapy.extensions.logstats] INFO: Crawled 46728 pages (at 256 pages/min), scraped 36159 items (at 201 items/min)
2023-02-07 22:55:09 [scrapy.extensions.logstats] INFO: Crawled 46973 pages (at 245 pages/min), scraped 36345 items (at 186 items/min)
2023-02-07 22:56:09 [scrapy.extensions.logstats] INFO: Crawled 47138 pages (at 165 pages/min), scraped 36470 items (at 125 items/min)
2023-02-07 22:57:09 [scrapy.extensions.logstats] INFO: Crawled 47307 pages (at 169 pages/min), scraped 36600 items (at 130 items/min)
2023-02-07 22:58:09 [scrapy.extensions.logstats] INFO: Crawled 47462 pages (at 155 pages/min), scraped 36713 items (at 113 items/min)
2023-02-07 22:59:09 [scrapy.extensions.logstats] INFO: Crawled 47611 pages (at 149 pages/min), scraped 36829 items (at 116 items/min)
2023-02-07 23:00:09 [scrapy.extensions.logstats] INFO: Crawled 47756 pages (at 145 pages/min), scraped 36939 items (at 110 items/min)
2023-02-07 23:01:09 [scrapy.extensions.logstats] INFO: Crawled 47918 pages (at 162 pages/min), scraped 37062 items (at 123 items/min)
2023-02-07 23:02:09 [scrapy.extensions.logstats] INFO: Crawled 48137 pages (at 219 pages/min), scraped 37235 items (at 173 items/min)
2023-02-07 23:03:09 [scrapy.extensions.logstats] INFO: Crawled 48361 pages (at 224 pages/min), scraped 37401 items (at 166 items/min)
2023-02-07 23:04:09 [scrapy.extensions.logstats] INFO: Crawled 48554 pages (at 193 pages/min), scraped 37558 items (at 157 items/min)
2023-02-07 23:05:09 [scrapy.extensions.logstats] INFO: Crawled 48744 pages (at 190 pages/min), scraped 37707 items (at 149 items/min)
2023-02-07 23:06:09 [scrapy.extensions.logstats] INFO: Crawled 48943 pages (at 199 pages/min), scraped 37861 items (at 154 items/min)
2023-02-07 23:07:09 [scrapy.extensions.logstats] INFO: Crawled 49152 pages (at 209 pages/min), scraped 38016 items (at 155 items/min)
2023-02-07 23:08:09 [scrapy.extensions.logstats] INFO: Crawled 49376 pages (at 224 pages/min), scraped 38188 items (at 172 items/min)
2023-02-07 23:09:09 [scrapy.extensions.logstats] INFO: Crawled 49598 pages (at 222 pages/min), scraped 38358 items (at 170 items/min)
2023-02-07 23:10:09 [scrapy.extensions.logstats] INFO: Crawled 49788 pages (at 190 pages/min), scraped 38498 items (at 140 items/min)
2023-02-07 23:11:09 [scrapy.extensions.logstats] INFO: Crawled 50024 pages (at 236 pages/min), scraped 38679 items (at 181 items/min)
2023-02-07 23:12:09 [scrapy.extensions.logstats] INFO: Crawled 50209 pages (at 185 pages/min), scraped 38824 items (at 145 items/min)
2023-02-07 23:13:09 [scrapy.extensions.logstats] INFO: Crawled 50375 pages (at 166 pages/min), scraped 38950 items (at 126 items/min)
2023-02-07 23:14:09 [scrapy.extensions.logstats] INFO: Crawled 50570 pages (at 195 pages/min), scraped 39101 items (at 151 items/min)
2023-02-07 23:15:09 [scrapy.extensions.logstats] INFO: Crawled 50796 pages (at 226 pages/min), scraped 39267 items (at 166 items/min)
2023-02-07 23:16:09 [scrapy.extensions.logstats] INFO: Crawled 50989 pages (at 193 pages/min), scraped 39422 items (at 155 items/min)
2023-02-07 23:17:09 [scrapy.extensions.logstats] INFO: Crawled 51162 pages (at 173 pages/min), scraped 39560 items (at 138 items/min)
2023-02-07 23:18:09 [scrapy.extensions.logstats] INFO: Crawled 51317 pages (at 155 pages/min), scraped 39679 items (at 119 items/min)
2023-02-07 23:19:09 [scrapy.extensions.logstats] INFO: Crawled 51504 pages (at 187 pages/min), scraped 39826 items (at 147 items/min)
2023-02-07 23:20:09 [scrapy.extensions.logstats] INFO: Crawled 51672 pages (at 168 pages/min), scraped 39958 items (at 132 items/min)
2023-02-07 23:21:09 [scrapy.extensions.logstats] INFO: Crawled 51791 pages (at 119 pages/min), scraped 40055 items (at 97 items/min)
2023-02-07 23:22:09 [scrapy.extensions.logstats] INFO: Crawled 51941 pages (at 150 pages/min), scraped 40171 items (at 116 items/min)
2023-02-07 23:23:09 [scrapy.extensions.logstats] INFO: Crawled 52077 pages (at 136 pages/min), scraped 40281 items (at 110 items/min)
2023-02-07 23:24:09 [scrapy.extensions.logstats] INFO: Crawled 52235 pages (at 158 pages/min), scraped 40406 items (at 125 items/min)
2023-02-07 23:25:09 [scrapy.extensions.logstats] INFO: Crawled 52465 pages (at 230 pages/min), scraped 40587 items (at 181 items/min)
2023-02-07 23:26:09 [scrapy.extensions.logstats] INFO: Crawled 52655 pages (at 190 pages/min), scraped 40738 items (at 151 items/min)
2023-02-07 23:27:09 [scrapy.extensions.logstats] INFO: Crawled 52827 pages (at 172 pages/min), scraped 40877 items (at 139 items/min)
2023-02-07 23:28:09 [scrapy.extensions.logstats] INFO: Crawled 53013 pages (at 186 pages/min), scraped 41020 items (at 143 items/min)
2023-02-07 23:29:09 [scrapy.extensions.logstats] INFO: Crawled 53178 pages (at 165 pages/min), scraped 41145 items (at 125 items/min)
2023-02-07 23:30:09 [scrapy.extensions.logstats] INFO: Crawled 53375 pages (at 197 pages/min), scraped 41299 items (at 154 items/min)
2023-02-07 23:31:03 [scrapy.core.scraper] ERROR: Spider error processing <GET https://www.transfermarkt.com/paul-friel/profil/spieler/376355> (referer: None)
Traceback (most recent call last):
  File "/Library/Frameworks/Python.framework/Versions/3.10/lib/python3.10/site-packages/scrapy/utils/defer.py", line 240, in iter_errback
    yield next(it)
  File "/Library/Frameworks/Python.framework/Versions/3.10/lib/python3.10/site-packages/scrapy/utils/python.py", line 338, in __next__
    return next(self.data)
  File "/Library/Frameworks/Python.framework/Versions/3.10/lib/python3.10/site-packages/scrapy/utils/python.py", line 338, in __next__
    return next(self.data)
  File "/Library/Frameworks/Python.framework/Versions/3.10/lib/python3.10/site-packages/scrapy/core/spidermw.py", line 79, in process_sync
    for r in iterable:
  File "/Library/Frameworks/Python.framework/Versions/3.10/lib/python3.10/site-packages/scrapy/spidermiddlewares/offsite.py", line 29, in <genexpr>
    return (r for r in result or () if self._filter(r, spider))
  File "/Library/Frameworks/Python.framework/Versions/3.10/lib/python3.10/site-packages/scrapy/core/spidermw.py", line 79, in process_sync
    for r in iterable:
  File "/Library/Frameworks/Python.framework/Versions/3.10/lib/python3.10/site-packages/scrapy/spidermiddlewares/referer.py", line 336, in <genexpr>
    return (self._set_referer(r, response) for r in result or ())
  File "/Library/Frameworks/Python.framework/Versions/3.10/lib/python3.10/site-packages/scrapy/core/spidermw.py", line 79, in process_sync
    for r in iterable:
  File "/Library/Frameworks/Python.framework/Versions/3.10/lib/python3.10/site-packages/scrapy/spidermiddlewares/urllength.py", line 28, in <genexpr>
    return (r for r in result or () if self._filter(r, spider))
  File "/Library/Frameworks/Python.framework/Versions/3.10/lib/python3.10/site-packages/scrapy/core/spidermw.py", line 79, in process_sync
    for r in iterable:
  File "/Library/Frameworks/Python.framework/Versions/3.10/lib/python3.10/site-packages/scrapy/spidermiddlewares/depth.py", line 32, in <genexpr>
    return (r for r in result or () if self._filter(r, response, spider))
  File "/Library/Frameworks/Python.framework/Versions/3.10/lib/python3.10/site-packages/scrapy/core/spidermw.py", line 79, in process_sync
    for r in iterable:
  File "/Users/zoeferencova/Documents/Coding/Data/Football Vis/Scraping/football_vis_data/football_vis/spiders/player_detail_spider.py", line 100, in parse
    basic_position = position_map[position.lower()]
KeyError: ''
2023-02-07 23:31:09 [scrapy.extensions.logstats] INFO: Crawled 53584 pages (at 209 pages/min), scraped 41458 items (at 159 items/min)
2023-02-07 23:32:09 [scrapy.extensions.logstats] INFO: Crawled 53778 pages (at 194 pages/min), scraped 41611 items (at 153 items/min)
2023-02-07 23:33:09 [scrapy.extensions.logstats] INFO: Crawled 54044 pages (at 266 pages/min), scraped 41820 items (at 209 items/min)
2023-02-07 23:34:09 [scrapy.extensions.logstats] INFO: Crawled 54278 pages (at 234 pages/min), scraped 42003 items (at 183 items/min)
2023-02-07 23:35:09 [scrapy.extensions.logstats] INFO: Crawled 54536 pages (at 258 pages/min), scraped 42202 items (at 199 items/min)
2023-02-07 23:36:09 [scrapy.extensions.logstats] INFO: Crawled 54743 pages (at 207 pages/min), scraped 42359 items (at 157 items/min)
2023-02-07 23:37:09 [scrapy.extensions.logstats] INFO: Crawled 54931 pages (at 188 pages/min), scraped 42511 items (at 152 items/min)
2023-02-07 23:38:09 [scrapy.extensions.logstats] INFO: Crawled 55147 pages (at 216 pages/min), scraped 42680 items (at 169 items/min)
2023-02-07 23:39:09 [scrapy.extensions.logstats] INFO: Crawled 55353 pages (at 206 pages/min), scraped 42850 items (at 170 items/min)
2023-02-07 23:40:09 [scrapy.extensions.logstats] INFO: Crawled 55531 pages (at 178 pages/min), scraped 42994 items (at 144 items/min)
2023-02-07 23:41:09 [scrapy.extensions.logstats] INFO: Crawled 55719 pages (at 188 pages/min), scraped 43141 items (at 147 items/min)
2023-02-07 23:42:09 [scrapy.extensions.logstats] INFO: Crawled 55942 pages (at 223 pages/min), scraped 43314 items (at 173 items/min)
2023-02-07 23:43:09 [scrapy.extensions.logstats] INFO: Crawled 56065 pages (at 123 pages/min), scraped 43409 items (at 95 items/min)
2023-02-07 23:44:09 [scrapy.extensions.logstats] INFO: Crawled 56140 pages (at 75 pages/min), scraped 43472 items (at 63 items/min)
2023-02-07 23:45:09 [scrapy.extensions.logstats] INFO: Crawled 56299 pages (at 159 pages/min), scraped 43598 items (at 126 items/min)
2023-02-07 23:46:09 [scrapy.extensions.logstats] INFO: Crawled 56483 pages (at 184 pages/min), scraped 43736 items (at 138 items/min)
2023-02-07 23:47:09 [scrapy.extensions.logstats] INFO: Crawled 56689 pages (at 206 pages/min), scraped 43893 items (at 157 items/min)
2023-02-07 23:48:09 [scrapy.extensions.logstats] INFO: Crawled 56899 pages (at 210 pages/min), scraped 44056 items (at 163 items/min)
2023-02-07 23:49:09 [scrapy.extensions.logstats] INFO: Crawled 57148 pages (at 249 pages/min), scraped 44251 items (at 195 items/min)
2023-02-07 23:50:09 [scrapy.extensions.logstats] INFO: Crawled 57358 pages (at 210 pages/min), scraped 44408 items (at 157 items/min)
2023-02-07 23:51:09 [scrapy.extensions.logstats] INFO: Crawled 57503 pages (at 145 pages/min), scraped 44529 items (at 121 items/min)
2023-02-07 23:52:09 [scrapy.extensions.logstats] INFO: Crawled 57646 pages (at 143 pages/min), scraped 44638 items (at 109 items/min)
2023-02-07 23:53:09 [scrapy.extensions.logstats] INFO: Crawled 57813 pages (at 167 pages/min), scraped 44769 items (at 131 items/min)
2023-02-07 23:54:09 [scrapy.extensions.logstats] INFO: Crawled 57975 pages (at 162 pages/min), scraped 44894 items (at 125 items/min)
2023-02-07 23:55:09 [scrapy.extensions.logstats] INFO: Crawled 58129 pages (at 154 pages/min), scraped 45014 items (at 120 items/min)
2023-02-07 23:56:09 [scrapy.extensions.logstats] INFO: Crawled 58277 pages (at 148 pages/min), scraped 45127 items (at 113 items/min)
2023-02-07 23:57:09 [scrapy.extensions.logstats] INFO: Crawled 58431 pages (at 154 pages/min), scraped 45249 items (at 122 items/min)
2023-02-07 23:58:09 [scrapy.extensions.logstats] INFO: Crawled 58618 pages (at 187 pages/min), scraped 45399 items (at 150 items/min)
2023-02-07 23:59:09 [scrapy.extensions.logstats] INFO: Crawled 58798 pages (at 180 pages/min), scraped 45540 items (at 141 items/min)
2023-02-08 00:00:09 [scrapy.extensions.logstats] INFO: Crawled 58908 pages (at 110 pages/min), scraped 45624 items (at 84 items/min)
2023-02-08 00:01:09 [scrapy.extensions.logstats] INFO: Crawled 59031 pages (at 123 pages/min), scraped 45723 items (at 99 items/min)
2023-02-08 00:02:09 [scrapy.extensions.logstats] INFO: Crawled 59137 pages (at 106 pages/min), scraped 45802 items (at 79 items/min)
2023-02-08 00:03:09 [scrapy.extensions.logstats] INFO: Crawled 59266 pages (at 129 pages/min), scraped 45898 items (at 96 items/min)
2023-02-08 00:04:09 [scrapy.extensions.logstats] INFO: Crawled 59425 pages (at 159 pages/min), scraped 46016 items (at 118 items/min)
2023-02-08 00:05:09 [scrapy.extensions.logstats] INFO: Crawled 59597 pages (at 172 pages/min), scraped 46147 items (at 131 items/min)
2023-02-08 00:06:09 [scrapy.extensions.logstats] INFO: Crawled 59793 pages (at 196 pages/min), scraped 46303 items (at 156 items/min)
2023-02-08 00:07:09 [scrapy.extensions.logstats] INFO: Crawled 60055 pages (at 262 pages/min), scraped 46507 items (at 204 items/min)
2023-02-08 00:08:09 [scrapy.extensions.logstats] INFO: Crawled 60306 pages (at 251 pages/min), scraped 46705 items (at 198 items/min)
2023-02-08 00:09:09 [scrapy.extensions.logstats] INFO: Crawled 60541 pages (at 235 pages/min), scraped 46897 items (at 192 items/min)
2023-02-08 00:10:09 [scrapy.extensions.logstats] INFO: Crawled 60765 pages (at 224 pages/min), scraped 47067 items (at 170 items/min)
2023-02-08 00:11:09 [scrapy.extensions.logstats] INFO: Crawled 60961 pages (at 196 pages/min), scraped 47217 items (at 150 items/min)
2023-02-08 00:12:09 [scrapy.extensions.logstats] INFO: Crawled 61107 pages (at 146 pages/min), scraped 47334 items (at 117 items/min)
2023-02-08 00:13:09 [scrapy.extensions.logstats] INFO: Crawled 61281 pages (at 174 pages/min), scraped 47467 items (at 133 items/min)
2023-02-08 00:14:09 [scrapy.extensions.logstats] INFO: Crawled 61480 pages (at 199 pages/min), scraped 47618 items (at 151 items/min)
2023-02-08 00:15:09 [scrapy.extensions.logstats] INFO: Crawled 61629 pages (at 149 pages/min), scraped 47734 items (at 116 items/min)
2023-02-08 00:16:09 [scrapy.extensions.logstats] INFO: Crawled 61863 pages (at 234 pages/min), scraped 47912 items (at 178 items/min)
2023-02-08 00:17:09 [scrapy.extensions.logstats] INFO: Crawled 62024 pages (at 161 pages/min), scraped 48039 items (at 127 items/min)
2023-02-08 00:18:09 [scrapy.extensions.logstats] INFO: Crawled 62162 pages (at 138 pages/min), scraped 48151 items (at 112 items/min)
2023-02-08 00:19:09 [scrapy.extensions.logstats] INFO: Crawled 62286 pages (at 124 pages/min), scraped 48246 items (at 95 items/min)
2023-02-08 00:20:09 [scrapy.extensions.logstats] INFO: Crawled 62446 pages (at 160 pages/min), scraped 48367 items (at 121 items/min)
2023-02-08 00:21:09 [scrapy.extensions.logstats] INFO: Crawled 62587 pages (at 141 pages/min), scraped 48477 items (at 110 items/min)
2023-02-08 00:22:09 [scrapy.extensions.logstats] INFO: Crawled 62697 pages (at 110 pages/min), scraped 48566 items (at 89 items/min)
2023-02-08 00:23:09 [scrapy.extensions.logstats] INFO: Crawled 62814 pages (at 117 pages/min), scraped 48658 items (at 92 items/min)
2023-02-08 00:24:09 [scrapy.extensions.logstats] INFO: Crawled 62945 pages (at 131 pages/min), scraped 48764 items (at 106 items/min)
2023-02-08 00:25:09 [scrapy.extensions.logstats] INFO: Crawled 63072 pages (at 127 pages/min), scraped 48859 items (at 95 items/min)
2023-02-08 00:26:09 [scrapy.extensions.logstats] INFO: Crawled 63182 pages (at 110 pages/min), scraped 48941 items (at 82 items/min)
2023-02-08 00:27:09 [scrapy.extensions.logstats] INFO: Crawled 63319 pages (at 137 pages/min), scraped 49048 items (at 107 items/min)
2023-02-08 00:28:09 [scrapy.extensions.logstats] INFO: Crawled 63479 pages (at 160 pages/min), scraped 49175 items (at 127 items/min)
2023-02-08 00:29:09 [scrapy.extensions.logstats] INFO: Crawled 63620 pages (at 141 pages/min), scraped 49288 items (at 113 items/min)
2023-02-08 00:30:09 [scrapy.extensions.logstats] INFO: Crawled 63799 pages (at 179 pages/min), scraped 49424 items (at 136 items/min)
2023-02-08 00:31:09 [scrapy.extensions.logstats] INFO: Crawled 63942 pages (at 143 pages/min), scraped 49539 items (at 115 items/min)
2023-02-08 00:32:09 [scrapy.extensions.logstats] INFO: Crawled 64073 pages (at 131 pages/min), scraped 49640 items (at 101 items/min)
2023-02-08 00:33:09 [scrapy.extensions.logstats] INFO: Crawled 64215 pages (at 142 pages/min), scraped 49750 items (at 110 items/min)
2023-02-08 00:34:09 [scrapy.extensions.logstats] INFO: Crawled 64378 pages (at 163 pages/min), scraped 49877 items (at 127 items/min)
2023-02-08 00:35:09 [scrapy.extensions.logstats] INFO: Crawled 64515 pages (at 137 pages/min), scraped 49996 items (at 119 items/min)
2023-02-08 00:36:09 [scrapy.extensions.logstats] INFO: Crawled 64665 pages (at 150 pages/min), scraped 50115 items (at 119 items/min)
2023-02-08 00:37:09 [scrapy.extensions.logstats] INFO: Crawled 64818 pages (at 153 pages/min), scraped 50236 items (at 121 items/min)
2023-02-08 00:38:09 [scrapy.extensions.logstats] INFO: Crawled 64992 pages (at 174 pages/min), scraped 50372 items (at 136 items/min)
2023-02-08 00:39:09 [scrapy.extensions.logstats] INFO: Crawled 65098 pages (at 106 pages/min), scraped 50456 items (at 84 items/min)
2023-02-08 00:40:09 [scrapy.extensions.logstats] INFO: Crawled 65155 pages (at 57 pages/min), scraped 50503 items (at 47 items/min)
2023-02-08 00:41:09 [scrapy.extensions.logstats] INFO: Crawled 65319 pages (at 164 pages/min), scraped 50626 items (at 123 items/min)
2023-02-08 00:42:09 [scrapy.extensions.logstats] INFO: Crawled 65520 pages (at 201 pages/min), scraped 50785 items (at 159 items/min)
2023-02-08 00:43:09 [scrapy.extensions.logstats] INFO: Crawled 65814 pages (at 294 pages/min), scraped 51011 items (at 226 items/min)
2023-02-08 00:44:09 [scrapy.extensions.logstats] INFO: Crawled 65985 pages (at 171 pages/min), scraped 51144 items (at 133 items/min)
2023-02-08 00:45:09 [scrapy.extensions.logstats] INFO: Crawled 66124 pages (at 139 pages/min), scraped 51259 items (at 115 items/min)
2023-02-08 00:46:09 [scrapy.extensions.logstats] INFO: Crawled 66259 pages (at 135 pages/min), scraped 51368 items (at 109 items/min)
2023-02-08 00:47:09 [scrapy.extensions.logstats] INFO: Crawled 66377 pages (at 118 pages/min), scraped 51460 items (at 92 items/min)
2023-02-08 00:48:09 [scrapy.extensions.logstats] INFO: Crawled 66501 pages (at 124 pages/min), scraped 51551 items (at 91 items/min)
2023-02-08 00:49:09 [scrapy.extensions.logstats] INFO: Crawled 66653 pages (at 152 pages/min), scraped 51662 items (at 111 items/min)
2023-02-08 00:50:09 [scrapy.extensions.logstats] INFO: Crawled 66804 pages (at 151 pages/min), scraped 51782 items (at 120 items/min)
2023-02-08 00:51:09 [scrapy.extensions.logstats] INFO: Crawled 66961 pages (at 157 pages/min), scraped 51901 items (at 119 items/min)
2023-02-08 00:52:09 [scrapy.extensions.logstats] INFO: Crawled 67128 pages (at 167 pages/min), scraped 52034 items (at 133 items/min)
2023-02-08 00:53:09 [scrapy.extensions.logstats] INFO: Crawled 67304 pages (at 176 pages/min), scraped 52176 items (at 142 items/min)
2023-02-08 00:54:09 [scrapy.extensions.logstats] INFO: Crawled 67458 pages (at 154 pages/min), scraped 52299 items (at 123 items/min)
2023-02-08 00:55:09 [scrapy.extensions.logstats] INFO: Crawled 67597 pages (at 139 pages/min), scraped 52407 items (at 108 items/min)
2023-02-08 00:56:09 [scrapy.extensions.logstats] INFO: Crawled 67722 pages (at 125 pages/min), scraped 52506 items (at 99 items/min)
2023-02-08 00:57:09 [scrapy.extensions.logstats] INFO: Crawled 67858 pages (at 136 pages/min), scraped 52609 items (at 103 items/min)
2023-02-08 00:58:09 [scrapy.extensions.logstats] INFO: Crawled 67994 pages (at 136 pages/min), scraped 52716 items (at 107 items/min)
2023-02-08 00:59:09 [scrapy.extensions.logstats] INFO: Crawled 68133 pages (at 139 pages/min), scraped 52821 items (at 105 items/min)
2023-02-08 01:00:09 [scrapy.extensions.logstats] INFO: Crawled 68286 pages (at 153 pages/min), scraped 52935 items (at 114 items/min)
2023-02-08 01:01:09 [scrapy.extensions.logstats] INFO: Crawled 68437 pages (at 151 pages/min), scraped 53047 items (at 112 items/min)
2023-02-08 01:02:09 [scrapy.extensions.logstats] INFO: Crawled 68602 pages (at 165 pages/min), scraped 53174 items (at 127 items/min)
2023-02-08 01:03:09 [scrapy.extensions.logstats] INFO: Crawled 68786 pages (at 184 pages/min), scraped 53316 items (at 142 items/min)
2023-02-08 01:04:09 [scrapy.extensions.logstats] INFO: Crawled 68933 pages (at 147 pages/min), scraped 53434 items (at 118 items/min)
2023-02-08 01:05:09 [scrapy.extensions.logstats] INFO: Crawled 69146 pages (at 213 pages/min), scraped 53600 items (at 166 items/min)
2023-02-08 01:06:09 [scrapy.extensions.logstats] INFO: Crawled 69345 pages (at 199 pages/min), scraped 53761 items (at 161 items/min)
2023-02-08 01:07:09 [scrapy.extensions.logstats] INFO: Crawled 69485 pages (at 140 pages/min), scraped 53873 items (at 112 items/min)
2023-02-08 01:08:09 [scrapy.extensions.logstats] INFO: Crawled 69674 pages (at 189 pages/min), scraped 54021 items (at 148 items/min)
2023-02-08 01:09:09 [scrapy.extensions.logstats] INFO: Crawled 69849 pages (at 175 pages/min), scraped 54151 items (at 130 items/min)
2023-02-08 01:10:09 [scrapy.extensions.logstats] INFO: Crawled 69988 pages (at 139 pages/min), scraped 54265 items (at 114 items/min)
2023-02-08 01:11:09 [scrapy.extensions.logstats] INFO: Crawled 70126 pages (at 138 pages/min), scraped 54379 items (at 114 items/min)
2023-02-08 01:12:09 [scrapy.extensions.logstats] INFO: Crawled 70289 pages (at 163 pages/min), scraped 54503 items (at 124 items/min)
2023-02-08 01:13:09 [scrapy.extensions.logstats] INFO: Crawled 70400 pages (at 111 pages/min), scraped 54592 items (at 89 items/min)
2023-02-08 01:14:09 [scrapy.extensions.logstats] INFO: Crawled 70523 pages (at 123 pages/min), scraped 54691 items (at 99 items/min)
2023-02-08 01:15:09 [scrapy.extensions.logstats] INFO: Crawled 70626 pages (at 103 pages/min), scraped 54773 items (at 82 items/min)
2023-02-08 01:16:09 [scrapy.extensions.logstats] INFO: Crawled 70748 pages (at 122 pages/min), scraped 54867 items (at 94 items/min)
2023-02-08 01:17:09 [scrapy.extensions.logstats] INFO: Crawled 70876 pages (at 128 pages/min), scraped 54962 items (at 95 items/min)
2023-02-08 01:18:09 [scrapy.extensions.logstats] INFO: Crawled 70996 pages (at 120 pages/min), scraped 55057 items (at 95 items/min)
2023-02-08 01:19:09 [scrapy.extensions.logstats] INFO: Crawled 71141 pages (at 145 pages/min), scraped 55167 items (at 110 items/min)
2023-02-08 01:20:09 [scrapy.extensions.logstats] INFO: Crawled 71269 pages (at 128 pages/min), scraped 55268 items (at 101 items/min)
2023-02-08 01:21:09 [scrapy.extensions.logstats] INFO: Crawled 71390 pages (at 121 pages/min), scraped 55361 items (at 93 items/min)
2023-02-08 01:22:09 [scrapy.extensions.logstats] INFO: Crawled 71508 pages (at 118 pages/min), scraped 55459 items (at 98 items/min)
2023-02-08 01:23:09 [scrapy.extensions.logstats] INFO: Crawled 71630 pages (at 122 pages/min), scraped 55556 items (at 97 items/min)
2023-02-08 01:24:09 [scrapy.extensions.logstats] INFO: Crawled 71740 pages (at 110 pages/min), scraped 55645 items (at 89 items/min)
2023-02-08 01:25:09 [scrapy.extensions.logstats] INFO: Crawled 71850 pages (at 110 pages/min), scraped 55729 items (at 84 items/min)
2023-02-08 01:26:09 [scrapy.extensions.logstats] INFO: Crawled 71968 pages (at 118 pages/min), scraped 55833 items (at 104 items/min)
2023-02-08 01:27:09 [scrapy.extensions.logstats] INFO: Crawled 72079 pages (at 111 pages/min), scraped 55927 items (at 94 items/min)
2023-02-08 01:28:09 [scrapy.extensions.logstats] INFO: Crawled 72191 pages (at 112 pages/min), scraped 56019 items (at 92 items/min)
2023-02-08 01:29:09 [scrapy.extensions.logstats] INFO: Crawled 72314 pages (at 123 pages/min), scraped 56111 items (at 92 items/min)
2023-02-08 01:30:09 [scrapy.extensions.logstats] INFO: Crawled 72467 pages (at 153 pages/min), scraped 56233 items (at 122 items/min)
2023-02-08 01:31:09 [scrapy.extensions.logstats] INFO: Crawled 72598 pages (at 131 pages/min), scraped 56329 items (at 96 items/min)
2023-02-08 01:32:09 [scrapy.extensions.logstats] INFO: Crawled 72685 pages (at 87 pages/min), scraped 56397 items (at 68 items/min)
2023-02-08 01:33:09 [scrapy.extensions.logstats] INFO: Crawled 72781 pages (at 96 pages/min), scraped 56476 items (at 79 items/min)
2023-02-08 01:34:09 [scrapy.extensions.logstats] INFO: Crawled 72909 pages (at 128 pages/min), scraped 56574 items (at 98 items/min)
2023-02-08 01:35:09 [scrapy.extensions.logstats] INFO: Crawled 73048 pages (at 139 pages/min), scraped 56679 items (at 105 items/min)
2023-02-08 01:36:09 [scrapy.extensions.logstats] INFO: Crawled 73172 pages (at 124 pages/min), scraped 56779 items (at 100 items/min)
2023-02-08 01:37:09 [scrapy.extensions.logstats] INFO: Crawled 73316 pages (at 144 pages/min), scraped 56887 items (at 108 items/min)
2023-02-08 01:38:09 [scrapy.extensions.logstats] INFO: Crawled 73448 pages (at 132 pages/min), scraped 56985 items (at 98 items/min)
2023-02-08 01:39:09 [scrapy.extensions.logstats] INFO: Crawled 73589 pages (at 141 pages/min), scraped 57092 items (at 107 items/min)
2023-02-08 01:40:09 [scrapy.extensions.logstats] INFO: Crawled 73701 pages (at 112 pages/min), scraped 57182 items (at 90 items/min)
2023-02-08 01:41:09 [scrapy.extensions.logstats] INFO: Crawled 73818 pages (at 117 pages/min), scraped 57274 items (at 92 items/min)
2023-02-08 01:42:09 [scrapy.extensions.logstats] INFO: Crawled 73944 pages (at 126 pages/min), scraped 57371 items (at 97 items/min)
2023-02-08 01:43:09 [scrapy.extensions.logstats] INFO: Crawled 74081 pages (at 137 pages/min), scraped 57479 items (at 108 items/min)
2023-02-08 01:44:09 [scrapy.extensions.logstats] INFO: Crawled 74228 pages (at 147 pages/min), scraped 57591 items (at 112 items/min)
2023-02-08 01:45:09 [scrapy.extensions.logstats] INFO: Crawled 74373 pages (at 145 pages/min), scraped 57700 items (at 109 items/min)
2023-02-08 01:46:09 [scrapy.extensions.logstats] INFO: Crawled 74520 pages (at 147 pages/min), scraped 57815 items (at 115 items/min)
2023-02-08 01:47:09 [scrapy.extensions.logstats] INFO: Crawled 74687 pages (at 167 pages/min), scraped 57944 items (at 129 items/min)
2023-02-08 01:48:09 [scrapy.extensions.logstats] INFO: Crawled 74834 pages (at 147 pages/min), scraped 58057 items (at 113 items/min)
2023-02-08 01:49:09 [scrapy.extensions.logstats] INFO: Crawled 75014 pages (at 180 pages/min), scraped 58206 items (at 149 items/min)
2023-02-08 01:50:09 [scrapy.extensions.logstats] INFO: Crawled 75149 pages (at 135 pages/min), scraped 58305 items (at 99 items/min)
2023-02-08 01:51:09 [scrapy.extensions.logstats] INFO: Crawled 75252 pages (at 103 pages/min), scraped 58385 items (at 80 items/min)
2023-02-08 01:52:09 [scrapy.extensions.logstats] INFO: Crawled 75372 pages (at 120 pages/min), scraped 58476 items (at 91 items/min)
2023-02-08 01:53:09 [scrapy.extensions.logstats] INFO: Crawled 75481 pages (at 109 pages/min), scraped 58564 items (at 88 items/min)
2023-02-08 01:54:09 [scrapy.extensions.logstats] INFO: Crawled 75597 pages (at 116 pages/min), scraped 58648 items (at 84 items/min)
2023-02-08 01:55:09 [scrapy.extensions.logstats] INFO: Crawled 75722 pages (at 125 pages/min), scraped 58750 items (at 102 items/min)
2023-02-08 01:56:09 [scrapy.extensions.logstats] INFO: Crawled 75862 pages (at 140 pages/min), scraped 58856 items (at 106 items/min)
2023-02-08 01:57:09 [scrapy.extensions.logstats] INFO: Crawled 75981 pages (at 119 pages/min), scraped 58951 items (at 95 items/min)
2023-02-08 01:58:09 [scrapy.extensions.logstats] INFO: Crawled 76127 pages (at 146 pages/min), scraped 59060 items (at 109 items/min)
2023-02-08 01:59:09 [scrapy.extensions.logstats] INFO: Crawled 76264 pages (at 137 pages/min), scraped 59165 items (at 105 items/min)
2023-02-08 02:00:09 [scrapy.extensions.logstats] INFO: Crawled 76402 pages (at 138 pages/min), scraped 59271 items (at 106 items/min)
2023-02-08 02:01:09 [scrapy.extensions.logstats] INFO: Crawled 76563 pages (at 161 pages/min), scraped 59394 items (at 123 items/min)
2023-02-08 02:02:09 [scrapy.extensions.logstats] INFO: Crawled 76727 pages (at 164 pages/min), scraped 59519 items (at 125 items/min)
2023-02-08 02:03:09 [scrapy.extensions.logstats] INFO: Crawled 76883 pages (at 156 pages/min), scraped 59645 items (at 126 items/min)
2023-02-08 02:04:09 [scrapy.extensions.logstats] INFO: Crawled 77039 pages (at 156 pages/min), scraped 59757 items (at 112 items/min)
2023-02-08 02:05:09 [scrapy.extensions.logstats] INFO: Crawled 77164 pages (at 125 pages/min), scraped 59858 items (at 101 items/min)
2023-02-08 02:06:09 [scrapy.extensions.logstats] INFO: Crawled 77301 pages (at 137 pages/min), scraped 59966 items (at 108 items/min)
2023-02-08 02:07:09 [scrapy.extensions.logstats] INFO: Crawled 77430 pages (at 129 pages/min), scraped 60061 items (at 95 items/min)
2023-02-08 02:08:09 [scrapy.extensions.logstats] INFO: Crawled 77583 pages (at 153 pages/min), scraped 60187 items (at 126 items/min)
2023-02-08 02:09:09 [scrapy.extensions.logstats] INFO: Crawled 77733 pages (at 150 pages/min), scraped 60309 items (at 122 items/min)
2023-02-08 02:10:09 [scrapy.extensions.logstats] INFO: Crawled 77884 pages (at 151 pages/min), scraped 60427 items (at 118 items/min)
2023-02-08 02:11:09 [scrapy.extensions.logstats] INFO: Crawled 78065 pages (at 181 pages/min), scraped 60564 items (at 137 items/min)
2023-02-08 02:12:09 [scrapy.extensions.logstats] INFO: Crawled 78234 pages (at 169 pages/min), scraped 60697 items (at 133 items/min)
2023-02-08 02:12:12 [scrapy.core.engine] INFO: Closing spider (finished)
2023-02-08 02:12:12 [scrapy.extensions.feedexport] INFO: Stored json feed (60698 items) in: player_details.json
2023-02-08 02:12:12 [scrapy.statscollectors] INFO: Dumping Scrapy stats:
{'downloader/request_bytes': 23971848,
 'downloader/request_count': 78252,
 'downloader/request_method_count/GET': 78252,
 'downloader/response_bytes': 4849334359,
 'downloader/response_count': 78252,
 'downloader/response_status_count/200': 78234,
 'downloader/response_status_count/301': 10,
 'downloader/response_status_count/404': 2,
 'downloader/response_status_count/502': 6,
 'elapsed_time_seconds': 27003.476428,
 'feedexport/success_count/FileFeedStorage': 1,
 'file_count': 32625,
 'file_status_count/downloaded': 17532,
 'file_status_count/uptodate': 15093,
 'finish_reason': 'finished',
 'finish_time': datetime.datetime(2023, 2, 7, 17, 12, 12, 592889),
 'httpcache/firsthand': 76832,
 'httpcache/hit': 1420,
 'httpcache/miss': 76832,
 'httpcache/store': 76832,
 'httpcompression/response_bytes': 16700140870,
 'httpcompression/response_count': 60702,
 'httperror/response_ignored_count': 2,
 'httperror/response_ignored_status_count/502': 2,
 'item_scraped_count': 60700,
 'log_count/ERROR': 6,
 'log_count/INFO': 463,
 'log_count/WARNING': 2,
 'memusage/max': 302481408,
 'memusage/startup': 295665664,
 'response_received_count': 78238,
 'retry/count': 4,
 'retry/max_reached': 2,
 'retry/reason_count/502 Bad Gateway': 4,
 'scheduler/dequeued': 60718,
 'scheduler/dequeued/memory': 60718,
 'scheduler/enqueued': 60718,
 'scheduler/enqueued/memory': 60718,
 'spider_exceptions/KeyError': 2,
 'start_time': datetime.datetime(2023, 2, 7, 9, 42, 9, 116461)}
2023-02-08 02:12:12 [scrapy.core.engine] INFO: Spider closed (finished)
2023-02-08 19:04:11 [scrapy.utils.log] INFO: Scrapy 2.7.1 started (bot: football_vis)
2023-02-08 19:04:11 [scrapy.utils.log] INFO: Versions: lxml 4.9.2.0, libxml2 2.9.4, cssselect 1.2.0, parsel 1.7.0, w3lib 2.1.1, Twisted 22.10.0, Python 3.10.7 (v3.10.7:6cc6b13308, Sep  5 2022, 14:02:52) [Clang 13.0.0 (clang-1300.0.29.30)], pyOpenSSL 22.1.0 (OpenSSL 3.0.7 1 Nov 2022), cryptography 38.0.4, Platform macOS-12.4-arm64-arm-64bit
2023-02-08 19:04:11 [scrapy.crawler] INFO: Overridden settings:
{'BOT_NAME': 'football_vis',
 'DUPEFILTER_CLASS': 'scrapy.dupefilters.BaseDupeFilter',
 'HTTPCACHE_ENABLED': True,
 'LOGSTATS_INTERVAL': 0,
 'LOG_FILE': 'errors.log',
 'LOG_LEVEL': 'INFO',
 'NEWSPIDER_MODULE': 'football_vis.spiders',
 'REQUEST_FINGERPRINTER_IMPLEMENTATION': '2.7',
 'SPIDER_MODULES': ['football_vis.spiders'],
 'TWISTED_REACTOR': 'twisted.internet.asyncioreactor.AsyncioSelectorReactor',
 'USER_AGENT': 'football_vis (+http://www.yourdomain.com)'}
2023-02-08 19:04:12 [scrapy.extensions.telnet] INFO: Telnet Password: 9bb84b15678ff501
2023-02-08 19:04:12 [scrapy.middleware] INFO: Enabled extensions:
['scrapy.extensions.corestats.CoreStats',
 'scrapy.extensions.telnet.TelnetConsole',
 'scrapy.extensions.memusage.MemoryUsage']
2023-02-08 19:04:12 [scrapy.middleware] INFO: Enabled downloader middlewares:
['scrapy.downloadermiddlewares.httpauth.HttpAuthMiddleware',
 'scrapy.downloadermiddlewares.downloadtimeout.DownloadTimeoutMiddleware',
 'scrapy.downloadermiddlewares.defaultheaders.DefaultHeadersMiddleware',
 'scrapy.downloadermiddlewares.useragent.UserAgentMiddleware',
 'scrapy.downloadermiddlewares.retry.RetryMiddleware',
 'scrapy.downloadermiddlewares.redirect.MetaRefreshMiddleware',
 'scrapy.downloadermiddlewares.httpcompression.HttpCompressionMiddleware',
 'scrapy.downloadermiddlewares.redirect.RedirectMiddleware',
 'scrapy.downloadermiddlewares.cookies.CookiesMiddleware',
 'scrapy.downloadermiddlewares.httpproxy.HttpProxyMiddleware',
 'scrapy.downloadermiddlewares.stats.DownloaderStats',
 'scrapy.downloadermiddlewares.httpcache.HttpCacheMiddleware']
2023-02-08 19:04:12 [scrapy.middleware] INFO: Enabled spider middlewares:
['scrapy.spidermiddlewares.httperror.HttpErrorMiddleware',
 'scrapy.spidermiddlewares.offsite.OffsiteMiddleware',
 'scrapy.spidermiddlewares.referer.RefererMiddleware',
 'scrapy.spidermiddlewares.urllength.UrlLengthMiddleware',
 'scrapy.spidermiddlewares.depth.DepthMiddleware']
2023-02-08 19:04:12 [scrapy.middleware] INFO: Enabled item pipelines:
[]
2023-02-08 19:04:12 [scrapy.extensions.telnet] INFO: Telnet console listening on 127.0.0.1:6023
2023-02-08 19:04:19 [scrapy.core.engine] INFO: Spider opened
2023-02-08 19:04:21 [scrapy.core.scraper] ERROR: Spider error processing <GET https://www.transfermarkt.com/premier-league/startseite/wettbewerb/GB1> (referer: None)
Traceback (most recent call last):
  File "/Library/Frameworks/Python.framework/Versions/3.10/lib/python3.10/site-packages/twisted/internet/defer.py", line 892, in _runCallbacks
    current.result = callback(  # type: ignore[misc]
  File "/Library/Frameworks/Python.framework/Versions/3.10/lib/python3.10/site-packages/scrapy/utils/defer.py", line 285, in f
    return deferred_from_coro(coro_f(*coro_args, **coro_kwargs))
  File "/Library/Frameworks/Python.framework/Versions/3.10/lib/python3.10/site-packages/scrapy/utils/defer.py", line 272, in deferred_from_coro
    event_loop = get_asyncio_event_loop_policy().get_event_loop()
  File "/Library/Frameworks/Python.framework/Versions/3.10/lib/python3.10/asyncio/events.py", line 656, in get_event_loop
    raise RuntimeError('There is no current event loop in thread %r.'
RuntimeError: There is no current event loop in thread 'Thread-1 (start)'.
2023-02-08 19:04:21 [py.warnings] WARNING: /Library/Frameworks/Python.framework/Versions/3.10/lib/python3.10/site-packages/twisted/internet/defer.py:892: RuntimeWarning: coroutine 'SpiderMiddlewareManager.scrape_response.<locals>.process_callback_output' was never awaited
  current.result = callback(  # type: ignore[misc]

2023-02-09 13:57:54 [scrapy.core.scraper] ERROR: Spider error processing <GET https://www.transfermarkt.com/primera-division/gastarbeiterdetail/wettbewerb/VZ1L?saison_id=2022&land_id=130> (referer: None)
Traceback (most recent call last):
  File "/Library/Frameworks/Python.framework/Versions/3.10/lib/python3.10/site-packages/twisted/internet/defer.py", line 892, in _runCallbacks
    current.result = callback(  # type: ignore[misc]
  File "/Library/Frameworks/Python.framework/Versions/3.10/lib/python3.10/site-packages/scrapy/utils/defer.py", line 285, in f
    return deferred_from_coro(coro_f(*coro_args, **coro_kwargs))
  File "/Library/Frameworks/Python.framework/Versions/3.10/lib/python3.10/site-packages/scrapy/utils/defer.py", line 272, in deferred_from_coro
    event_loop = get_asyncio_event_loop_policy().get_event_loop()
  File "/Library/Frameworks/Python.framework/Versions/3.10/lib/python3.10/asyncio/events.py", line 656, in get_event_loop
    raise RuntimeError('There is no current event loop in thread %r.'
RuntimeError: There is no current event loop in thread 'Thread-1 (start)'.
2023-02-09 13:57:54 [py.warnings] WARNING: /Library/Frameworks/Python.framework/Versions/3.10/lib/python3.10/site-packages/twisted/internet/defer.py:892: RuntimeWarning: coroutine 'SpiderMiddlewareManager.scrape_response.<locals>.process_callback_output' was never awaited
  current.result = callback(  # type: ignore[misc]

2023-02-09 14:31:18 [scrapy.core.scraper] ERROR: Spider error processing <GET https://www.transfermarkt.com/premier-league/gastarbeiterdetail/wettbewerb/GB1/galerie/0?saison_id=2022&land_id=2> (referer: None)
Traceback (most recent call last):
  File "/Library/Frameworks/Python.framework/Versions/3.10/lib/python3.10/site-packages/twisted/internet/defer.py", line 892, in _runCallbacks
    current.result = callback(  # type: ignore[misc]
  File "/Library/Frameworks/Python.framework/Versions/3.10/lib/python3.10/site-packages/scrapy/utils/defer.py", line 285, in f
    return deferred_from_coro(coro_f(*coro_args, **coro_kwargs))
  File "/Library/Frameworks/Python.framework/Versions/3.10/lib/python3.10/site-packages/scrapy/utils/defer.py", line 272, in deferred_from_coro
    event_loop = get_asyncio_event_loop_policy().get_event_loop()
  File "/Library/Frameworks/Python.framework/Versions/3.10/lib/python3.10/asyncio/events.py", line 656, in get_event_loop
    raise RuntimeError('There is no current event loop in thread %r.'
RuntimeError: There is no current event loop in thread 'Thread-1 (start)'.
2023-02-09 14:31:18 [py.warnings] WARNING: /Library/Frameworks/Python.framework/Versions/3.10/lib/python3.10/site-packages/twisted/internet/defer.py:892: RuntimeWarning: coroutine 'SpiderMiddlewareManager.scrape_response.<locals>.process_callback_output' was never awaited
  current.result = callback(  # type: ignore[misc]

